OrionNavigator/OrionNavigator/app/build/intermediates/manifest_merge_blame_file/debug/manifest-merger-blame-debug-report.txt
1<?xml version="1.0" encoding="utf-8"?>
2<manifest xmlns:android="http://schemas.android.com/apk/res/android"
3    package="com.orion.app"
4    android:versionCode="1"
5    android:versionName="1.0.0-MVP" >
6
7    <uses-sdk
8        android:minSdkVersion="26"
9        android:targetSdkVersion="34" />
10
11    <!-- BLE Permissions -->
12    <uses-permission android:name="android.permission.BLUETOOTH" />
12-->src\main\AndroidManifest.xml:6:5-68
12-->src\main\AndroidManifest.xml:6:22-65
13    <uses-permission android:name="android.permission.BLUETOOTH_ADMIN" />
13-->src\main\AndroidManifest.xml:7:5-74
13-->src\main\AndroidManifest.xml:7:22-71
14    <uses-permission android:name="android.permission.BLUETOOTH_SCAN" />
14-->src\main\AndroidManifest.xml:8:5-73
14-->src\main\AndroidManifest.xml:8:22-70
15    <uses-permission android:name="android.permission.BLUETOOTH_ADVERTISE" />
15-->src\main\AndroidManifest.xml:9:5-78
15-->src\main\AndroidManifest.xml:9:22-75
16    <uses-permission android:name="android.permission.BLUETOOTH_CONNECT" />
16-->src\main\AndroidManifest.xml:10:5-76
16-->src\main\AndroidManifest.xml:10:22-73
17
18    <!-- Location Permissions -->
19    <uses-permission android:name="android.permission.ACCESS_FINE_LOCATION" />
19-->src\main\AndroidManifest.xml:13:5-79
19-->src\main\AndroidManifest.xml:13:22-76
20    <uses-permission android:name="android.permission.ACCESS_COARSE_LOCATION" />
20-->src\main\AndroidManifest.xml:14:5-81
20-->src\main\AndroidManifest.xml:14:22-78
21    <uses-permission android:name="android.permission.ACCESS_BACKGROUND_LOCATION" />
21-->src\main\AndroidManifest.xml:15:5-85
21-->src\main\AndroidManifest.xml:15:22-82
22
23    <!-- Network -->
24    <uses-permission android:name="android.permission.INTERNET" />
24-->src\main\AndroidManifest.xml:18:5-67
24-->src\main\AndroidManifest.xml:18:22-64
25    <uses-permission android:name="android.permission.ACCESS_NETWORK_STATE" />
25-->src\main\AndroidManifest.xml:19:5-79
25-->src\main\AndroidManifest.xml:19:22-76
26
27    <!-- Foreground Service -->
28    <uses-permission android:name="android.permission.FOREGROUND_SERVICE" />
28-->src\main\AndroidManifest.xml:22:5-77
28-->src\main\AndroidManifest.xml:22:22-74
29    <uses-permission android:name="android.permission.FOREGROUND_SERVICE_CONNECTED_DEVICE" />
29-->src\main\AndroidManifest.xml:23:5-94
29-->src\main\AndroidManifest.xml:23:22-91
30    <uses-permission android:name="android.permission.FOREGROUND_SERVICE_LOCATION" />
30-->src\main\AndroidManifest.xml:24:5-86
30-->src\main\AndroidManifest.xml:24:22-83
31    <!-- Camera Permission for Camera AI -->
32    <uses-permission android:name="android.permission.CAMERA" />
32-->src\main\AndroidManifest.xml:26:5-65
32-->src\main\AndroidManifest.xml:26:22-62
33
34    <!-- Microphone Permission for Voice Commands -->
35    <uses-permission android:name="android.permission.RECORD_AUDIO" />
35-->src\main\AndroidManifest.xml:29:5-71
35-->src\main\AndroidManifest.xml:29:22-68
36
37    <!-- Vibration for accessibility -->
38    <uses-permission android:name="android.permission.VIBRATE" />
38-->src\main\AndroidManifest.xml:34:5-66
38-->src\main\AndroidManifest.xml:34:22-63
39
40    <!-- Features -->
41    <uses-feature
41-->src\main\AndroidManifest.xml:37:5-91
42        android:name="android.hardware.bluetooth_le"
42-->src\main\AndroidManifest.xml:37:19-63
43        android:required="false" />
43-->src\main\AndroidManifest.xml:37:64-88
44    <uses-feature
44-->src\main\AndroidManifest.xml:38:5-91
45        android:name="android.hardware.location.gps"
45-->src\main\AndroidManifest.xml:38:19-63
46        android:required="false" />
46-->src\main\AndroidManifest.xml:38:64-88
47
48    <permission
48-->[androidx.core:core:1.12.0] AndroidManifest.xml:22:5-24:47
49        android:name="com.orion.app.DYNAMIC_RECEIVER_NOT_EXPORTED_PERMISSION"
49-->[androidx.core:core:1.12.0] AndroidManifest.xml:23:9-81
50        android:protectionLevel="signature" />
50-->[androidx.core:core:1.12.0] AndroidManifest.xml:24:9-44
51
52    <uses-permission android:name="com.orion.app.DYNAMIC_RECEIVER_NOT_EXPORTED_PERMISSION" />
52-->[androidx.core:core:1.12.0] AndroidManifest.xml:26:5-97
52-->[androidx.core:core:1.12.0] AndroidManifest.xml:26:22-94
53
54    <supports-screens
54-->[org.osmdroid:osmdroid-android:6.1.17] AndroidManifest.xml:9:5-12:40
55        android:anyDensity="true"
55-->[org.osmdroid:osmdroid-android:6.1.17] AndroidManifest.xml:10:9-34
56        android:largeScreens="true"
56-->[org.osmdroid:osmdroid-android:6.1.17] AndroidManifest.xml:11:9-36
57        android:normalScreens="true" />
57-->[org.osmdroid:osmdroid-android:6.1.17] AndroidManifest.xml:12:9-37
58
59    <uses-feature
59-->[org.osmdroid:osmdroid-android:6.1.17] AndroidManifest.xml:14:5-16:36
60        android:name="android.hardware.location.network"
60-->[org.osmdroid:osmdroid-android:6.1.17] AndroidManifest.xml:15:9-57
61        android:required="false" />
61-->[org.osmdroid:osmdroid-android:6.1.17] AndroidManifest.xml:16:9-33
62    <uses-feature
62-->[org.osmdroid:osmdroid-android:6.1.17] AndroidManifest.xml:20:5-22:36
63        android:name="android.hardware.telephony"
63-->[org.osmdroid:osmdroid-android:6.1.17] AndroidManifest.xml:21:9-50
64        android:required="false" />
64-->[org.osmdroid:osmdroid-android:6.1.17] AndroidManifest.xml:22:9-33
65    <uses-feature
65-->[org.osmdroid:osmdroid-android:6.1.17] AndroidManifest.xml:23:5-25:36
66        android:name="android.hardware.wifi"
66-->[org.osmdroid:osmdroid-android:6.1.17] AndroidManifest.xml:24:9-45
67        android:required="false" />
67-->[org.osmdroid:osmdroid-android:6.1.17] AndroidManifest.xml:25:9-33
68
69    <application
69-->src\main\AndroidManifest.xml:41:5-154:19
70        android:allowBackup="true"
70-->src\main\AndroidManifest.xml:42:9-35
71        android:appComponentFactory="androidx.core.app.CoreComponentFactory"
71-->[androidx.core:core:1.12.0] AndroidManifest.xml:28:18-86
72        android:debuggable="true"
73        android:extractNativeLibs="false"
74        android:icon="@mipmap/ic_launcher"
74-->src\main\AndroidManifest.xml:43:9-43
75        android:label="@string/app_name"
75-->src\main\AndroidManifest.xml:44:9-41
76        android:roundIcon="@mipmap/ic_launcher_round"
76-->src\main\AndroidManifest.xml:45:9-54
77        android:supportsRtl="true"
77-->src\main\AndroidManifest.xml:46:9-35
78        android:theme="@style/Theme.OrionNavigator" >
78-->src\main\AndroidManifest.xml:47:9-52
79
80        <!-- Splash Screen -->
81        <activity
81-->src\main\AndroidManifest.xml:51:9-59:20
82            android:name="com.orion.app.ui.SplashActivity"
82-->src\main\AndroidManifest.xml:52:13-46
83            android:exported="true"
83-->src\main\AndroidManifest.xml:53:13-36
84            android:theme="@style/Theme.OrionNavigator.Splash" >
84-->src\main\AndroidManifest.xml:54:13-63
85            <intent-filter>
85-->src\main\AndroidManifest.xml:55:13-58:29
86                <action android:name="android.intent.action.MAIN" />
86-->src\main\AndroidManifest.xml:56:17-69
86-->src\main\AndroidManifest.xml:56:25-66
87
88                <category android:name="android.intent.category.LAUNCHER" />
88-->src\main\AndroidManifest.xml:57:17-77
88-->src\main\AndroidManifest.xml:57:27-74
89            </intent-filter>
90        </activity>
91
92        <!-- Role Selection (First Launch Only) -->
93        <activity
93-->src\main\AndroidManifest.xml:62:9-65:51
94            android:name="com.orion.app.ui.RoleSelectionActivity"
94-->src\main\AndroidManifest.xml:63:13-53
95            android:exported="false"
95-->src\main\AndroidManifest.xml:64:13-37
96            android:label="@string/select_role" />
96-->src\main\AndroidManifest.xml:65:13-48
97
98        <!-- Tunanetra Dashboard (Blind User) -->
99        <activity
99-->src\main\AndroidManifest.xml:68:9-71:48
100            android:name="com.orion.app.ui.TunanetraActivity"
100-->src\main\AndroidManifest.xml:69:13-49
101            android:exported="false"
101-->src\main\AndroidManifest.xml:70:13-37
102            android:label="@string/app_name" />
102-->src\main\AndroidManifest.xml:71:13-45
103
104        <!-- Pendamping Dashboard (Caregiver) -->
105        <activity
105-->src\main\AndroidManifest.xml:74:9-77:48
106            android:name="com.orion.app.ui.PendampingActivity"
106-->src\main\AndroidManifest.xml:75:13-50
107            android:exported="false"
107-->src\main\AndroidManifest.xml:76:13-37
108            android:label="@string/app_name" />
108-->src\main\AndroidManifest.xml:77:13-45
109
110        <!-- Legacy: Mode Selection (kept for backward compatibility) -->
111        <activity
111-->src\main\AndroidManifest.xml:80:9-83:51
112            android:name="com.orion.app.ui.ModeSelectionActivity"
112-->src\main\AndroidManifest.xml:81:13-53
113            android:exported="false"
113-->src\main\AndroidManifest.xml:82:13-37
114            android:label="@string/select_mode" />
114-->src\main\AndroidManifest.xml:83:13-48
115
116        <!-- Beacon Mode -->
117        <activity
117-->src\main\AndroidManifest.xml:86:9-89:51
118            android:name="com.orion.app.ui.BeaconActivity"
118-->src\main\AndroidManifest.xml:87:13-46
119            android:exported="false"
119-->src\main\AndroidManifest.xml:88:13-37
120            android:label="@string/beacon_mode" />
120-->src\main\AndroidManifest.xml:89:13-48
121
122        <!-- Legacy Live Location Activities (kept for compatibility) -->
123        <activity
123-->src\main\AndroidManifest.xml:93:9-96:58
124            android:name="com.orion.app.ui.LiveLocationChildActivity"
124-->src\main\AndroidManifest.xml:94:13-57
125            android:exported="false"
125-->src\main\AndroidManifest.xml:95:13-37
126            android:label="@string/live_location_mode" />
126-->src\main\AndroidManifest.xml:96:13-55
127        <activity
127-->src\main\AndroidManifest.xml:98:9-101:58
128            android:name="com.orion.app.ui.LiveLocationParentActivity"
128-->src\main\AndroidManifest.xml:99:13-58
129            android:exported="false"
129-->src\main\AndroidManifest.xml:100:13-37
130            android:label="@string/live_location_mode" />
130-->src\main\AndroidManifest.xml:101:13-55
131
132        <!-- Camera AI Activity -->
133        <activity
133-->src\main\AndroidManifest.xml:105:9-109:52
134            android:name="com.orion.app.ui.CameraAIActivity"
134-->src\main\AndroidManifest.xml:106:13-48
135            android:exported="false"
135-->src\main\AndroidManifest.xml:107:13-37
136            android:label="@string/camera_ai_feature"
136-->src\main\AndroidManifest.xml:108:13-54
137            android:screenOrientation="portrait" />
137-->src\main\AndroidManifest.xml:109:13-49
138
139        <!-- Safe Zones Management -->
140        <activity
140-->src\main\AndroidManifest.xml:112:9-115:50
141            android:name="com.orion.app.ui.SafeZonesActivity"
141-->src\main\AndroidManifest.xml:113:13-49
142            android:exported="false"
142-->src\main\AndroidManifest.xml:114:13-37
143            android:label="@string/safe_zones" />
143-->src\main\AndroidManifest.xml:115:13-47
144
145        <!-- Direction Navigation (Compass-based) -->
146        <activity
146-->src\main\AndroidManifest.xml:118:9-122:52
147            android:name="com.orion.app.ui.DirectionActivity"
147-->src\main\AndroidManifest.xml:119:13-49
148            android:exported="false"
148-->src\main\AndroidManifest.xml:120:13-37
149            android:label="Navigasi Kompas"
149-->src\main\AndroidManifest.xml:121:13-44
150            android:screenOrientation="portrait" />
150-->src\main\AndroidManifest.xml:122:13-49
151
152        <!-- Compass Test (Temporary - for comparing old vs new heading) -->
153        <activity
153-->src\main\AndroidManifest.xml:125:9-129:52
154            android:name="com.orion.app.ui.CompassTestActivity"
154-->src\main\AndroidManifest.xml:126:13-51
155            android:exported="false"
155-->src\main\AndroidManifest.xml:127:13-37
156            android:label="Compass Test"
156-->src\main\AndroidManifest.xml:128:13-41
157            android:screenOrientation="portrait" />
157-->src\main\AndroidManifest.xml:129:13-49
158
159        <!-- Beacon Scan Service -->
160        <service
160-->src\main\AndroidManifest.xml:132:9-136:63
161            android:name="com.orion.app.service.BeaconScanService"
161-->src\main\AndroidManifest.xml:133:13-54
162            android:enabled="true"
162-->src\main\AndroidManifest.xml:134:13-35
163            android:exported="false"
163-->src\main\AndroidManifest.xml:135:13-37
164            android:foregroundServiceType="connectedDevice" />
164-->src\main\AndroidManifest.xml:136:13-60
165
166        <!-- Beacon Advertise Service -->
167        <service
167-->src\main\AndroidManifest.xml:139:9-143:63
168            android:name="com.orion.app.service.BeaconAdvertiseService"
168-->src\main\AndroidManifest.xml:140:13-59
169            android:enabled="true"
169-->src\main\AndroidManifest.xml:141:13-35
170            android:exported="false"
170-->src\main\AndroidManifest.xml:142:13-37
171            android:foregroundServiceType="connectedDevice" />
171-->src\main\AndroidManifest.xml:143:13-60
172
173        <!-- Location Update Service -->
174        <service
174-->src\main\AndroidManifest.xml:146:9-150:56
175            android:name="com.orion.app.service.LocationUpdateService"
175-->src\main\AndroidManifest.xml:147:13-58
176            android:enabled="true"
176-->src\main\AndroidManifest.xml:148:13-35
177            android:exported="false"
177-->src\main\AndroidManifest.xml:149:13-37
178            android:foregroundServiceType="location" />
178-->src\main\AndroidManifest.xml:150:13-53
179        <service
179-->[androidx.camera:camera-camera2:1.2.3] AndroidManifest.xml:24:9-33:19
180            android:name="androidx.camera.core.impl.MetadataHolderService"
180-->[androidx.camera:camera-camera2:1.2.3] AndroidManifest.xml:25:13-75
181            android:enabled="false"
181-->[androidx.camera:camera-camera2:1.2.3] AndroidManifest.xml:26:13-36
182            android:exported="false" >
182-->[androidx.camera:camera-camera2:1.2.3] AndroidManifest.xml:27:13-37
183            <meta-data
183-->[androidx.camera:camera-camera2:1.2.3] AndroidManifest.xml:30:13-32:89
184                android:name="androidx.camera.core.impl.MetadataHolderService.DEFAULT_CONFIG_PROVIDER"
184-->[androidx.camera:camera-camera2:1.2.3] AndroidManifest.xml:31:17-103
185                android:value="androidx.camera.camera2.Camera2Config$DefaultProvider" />
185-->[androidx.camera:camera-camera2:1.2.3] AndroidManifest.xml:32:17-86
186        </service>
187
188        <provider
188-->[androidx.emoji2:emoji2:1.2.0] AndroidManifest.xml:24:9-32:20
189            android:name="androidx.startup.InitializationProvider"
189-->[androidx.emoji2:emoji2:1.2.0] AndroidManifest.xml:25:13-67
190            android:authorities="com.orion.app.androidx-startup"
190-->[androidx.emoji2:emoji2:1.2.0] AndroidManifest.xml:26:13-68
191            android:exported="false" >
191-->[androidx.emoji2:emoji2:1.2.0] AndroidManifest.xml:27:13-37
192            <meta-data
192-->[androidx.emoji2:emoji2:1.2.0] AndroidManifest.xml:29:13-31:52
193                android:name="androidx.emoji2.text.EmojiCompatInitializer"
193-->[androidx.emoji2:emoji2:1.2.0] AndroidManifest.xml:30:17-75
194                android:value="androidx.startup" />
194-->[androidx.emoji2:emoji2:1.2.0] AndroidManifest.xml:31:17-49
195            <meta-data
195-->[androidx.lifecycle:lifecycle-process:2.7.0] AndroidManifest.xml:29:13-31:52
196                android:name="androidx.lifecycle.ProcessLifecycleInitializer"
196-->[androidx.lifecycle:lifecycle-process:2.7.0] AndroidManifest.xml:30:17-78
197                android:value="androidx.startup" />
197-->[androidx.lifecycle:lifecycle-process:2.7.0] AndroidManifest.xml:31:17-49
198            <meta-data
198-->[androidx.profileinstaller:profileinstaller:1.3.0] AndroidManifest.xml:29:13-31:52
199                android:name="androidx.profileinstaller.ProfileInstallerInitializer"
199-->[androidx.profileinstaller:profileinstaller:1.3.0] AndroidManifest.xml:30:17-85
200                android:value="androidx.startup" />
200-->[androidx.profileinstaller:profileinstaller:1.3.0] AndroidManifest.xml:31:17-49
201        </provider>
202
203        <service
203-->[com.google.firebase:firebase-database-ktx:20.3.0] AndroidManifest.xml:9:9-15:19
204            android:name="com.google.firebase.components.ComponentDiscoveryService"
204-->[com.google.firebase:firebase-database-ktx:20.3.0] AndroidManifest.xml:10:13-84
205            android:directBootAware="true"
205-->[com.google.firebase:firebase-common:20.4.2] AndroidManifest.xml:32:13-43
206            android:exported="false" >
206-->[com.google.firebase:firebase-database-ktx:20.3.0] AndroidManifest.xml:11:13-37
207            <meta-data
207-->[com.google.firebase:firebase-database-ktx:20.3.0] AndroidManifest.xml:12:13-14:85
208                android:name="com.google.firebase.components:com.google.firebase.database.ktx.FirebaseDatabaseLegacyRegistrar"
208-->[com.google.firebase:firebase-database-ktx:20.3.0] AndroidManifest.xml:13:17-127
209                android:value="com.google.firebase.components.ComponentRegistrar" />
209-->[com.google.firebase:firebase-database-ktx:20.3.0] AndroidManifest.xml:14:17-82
210            <meta-data
210-->[com.google.firebase:firebase-database:20.3.0] AndroidManifest.xml:29:13-31:85
211                android:name="com.google.firebase.components:com.google.firebase.database.FirebaseDatabaseKtxRegistrar"
211-->[com.google.firebase:firebase-database:20.3.0] AndroidManifest.xml:30:17-120
212                android:value="com.google.firebase.components.ComponentRegistrar" />
212-->[com.google.firebase:firebase-database:20.3.0] AndroidManifest.xml:31:17-82
213            <meta-data
213-->[com.google.firebase:firebase-database:20.3.0] AndroidManifest.xml:32:13-34:85
214                android:name="com.google.firebase.components:com.google.firebase.database.DatabaseRegistrar"
214-->[com.google.firebase:firebase-database:20.3.0] AndroidManifest.xml:33:17-109
215                android:value="com.google.firebase.components.ComponentRegistrar" />
215-->[com.google.firebase:firebase-database:20.3.0] AndroidManifest.xml:34:17-82
216            <meta-data
216-->[com.google.firebase:firebase-auth-ktx:22.3.0] AndroidManifest.xml:11:13-13:85
217                android:name="com.google.firebase.components:com.google.firebase.auth.ktx.FirebaseAuthLegacyRegistrar"
217-->[com.google.firebase:firebase-auth-ktx:22.3.0] AndroidManifest.xml:12:17-119
218                android:value="com.google.firebase.components.ComponentRegistrar" />
218-->[com.google.firebase:firebase-auth-ktx:22.3.0] AndroidManifest.xml:13:17-82
219            <meta-data
219-->[com.google.firebase:firebase-auth:22.3.0] AndroidManifest.xml:69:13-71:85
220                android:name="com.google.firebase.components:com.google.firebase.auth.FirebaseAuthRegistrar"
220-->[com.google.firebase:firebase-auth:22.3.0] AndroidManifest.xml:70:17-109
221                android:value="com.google.firebase.components.ComponentRegistrar" />
221-->[com.google.firebase:firebase-auth:22.3.0] AndroidManifest.xml:71:17-82
222            <meta-data
222-->[com.google.firebase:firebase-common-ktx:20.4.2] AndroidManifest.xml:12:13-14:85
223                android:name="com.google.firebase.components:com.google.firebase.ktx.FirebaseCommonLegacyRegistrar"
223-->[com.google.firebase:firebase-common-ktx:20.4.2] AndroidManifest.xml:13:17-116
224                android:value="com.google.firebase.components.ComponentRegistrar" />
224-->[com.google.firebase:firebase-common-ktx:20.4.2] AndroidManifest.xml:14:17-82
225            <meta-data
225-->[com.google.firebase:firebase-common:20.4.2] AndroidManifest.xml:35:13-37:85
226                android:name="com.google.firebase.components:com.google.firebase.FirebaseCommonKtxRegistrar"
226-->[com.google.firebase:firebase-common:20.4.2] AndroidManifest.xml:36:17-109
227                android:value="com.google.firebase.components.ComponentRegistrar" />
227-->[com.google.firebase:firebase-common:20.4.2] AndroidManifest.xml:37:17-82
228        </service>
229
230        <activity
230-->[com.google.firebase:firebase-auth:22.3.0] AndroidManifest.xml:29:9-46:20
231            android:name="com.google.firebase.auth.internal.GenericIdpActivity"
231-->[com.google.firebase:firebase-auth:22.3.0] AndroidManifest.xml:30:13-80
232            android:excludeFromRecents="true"
232-->[com.google.firebase:firebase-auth:22.3.0] AndroidManifest.xml:31:13-46
233            android:exported="true"
233-->[com.google.firebase:firebase-auth:22.3.0] AndroidManifest.xml:32:13-36
234            android:launchMode="singleTask"
234-->[com.google.firebase:firebase-auth:22.3.0] AndroidManifest.xml:33:13-44
235            android:theme="@android:style/Theme.Translucent.NoTitleBar" >
235-->[com.google.firebase:firebase-auth:22.3.0] AndroidManifest.xml:34:13-72
236            <intent-filter>
236-->[com.google.firebase:firebase-auth:22.3.0] AndroidManifest.xml:35:13-45:29
237                <action android:name="android.intent.action.VIEW" />
237-->[com.google.firebase:firebase-auth:22.3.0] AndroidManifest.xml:36:17-69
237-->[com.google.firebase:firebase-auth:22.3.0] AndroidManifest.xml:36:25-66
238
239                <category android:name="android.intent.category.DEFAULT" />
239-->[com.google.firebase:firebase-auth:22.3.0] AndroidManifest.xml:38:17-76
239-->[com.google.firebase:firebase-auth:22.3.0] AndroidManifest.xml:38:27-73
240                <category android:name="android.intent.category.BROWSABLE" />
240-->[com.google.firebase:firebase-auth:22.3.0] AndroidManifest.xml:39:17-78
240-->[com.google.firebase:firebase-auth:22.3.0] AndroidManifest.xml:39:27-75
241
242                <data
242-->[com.google.firebase:firebase-auth:22.3.0] AndroidManifest.xml:41:17-44:51
243                    android:host="firebase.auth"
243-->[com.google.firebase:firebase-auth:22.3.0] AndroidManifest.xml:42:21-49
244                    android:path="/"
244-->[com.google.firebase:firebase-auth:22.3.0] AndroidManifest.xml:43:21-37
245                    android:scheme="genericidp" />
245-->[com.google.firebase:firebase-auth:22.3.0] AndroidManifest.xml:44:21-48
246            </intent-filter>
247        </activity>
248        <activity
248-->[com.google.firebase:firebase-auth:22.3.0] AndroidManifest.xml:47:9-64:20
249            android:name="com.google.firebase.auth.internal.RecaptchaActivity"
249-->[com.google.firebase:firebase-auth:22.3.0] AndroidManifest.xml:48:13-79
250            android:excludeFromRecents="true"
250-->[com.google.firebase:firebase-auth:22.3.0] AndroidManifest.xml:49:13-46
251            android:exported="true"
251-->[com.google.firebase:firebase-auth:22.3.0] AndroidManifest.xml:50:13-36
252            android:launchMode="singleTask"
252-->[com.google.firebase:firebase-auth:22.3.0] AndroidManifest.xml:51:13-44
253            android:theme="@android:style/Theme.Translucent.NoTitleBar" >
253-->[com.google.firebase:firebase-auth:22.3.0] AndroidManifest.xml:52:13-72
254            <intent-filter>
254-->[com.google.firebase:firebase-auth:22.3.0] AndroidManifest.xml:53:13-63:29
255                <action android:name="android.intent.action.VIEW" />
255-->[com.google.firebase:firebase-auth:22.3.0] AndroidManifest.xml:36:17-69
255-->[com.google.firebase:firebase-auth:22.3.0] AndroidManifest.xml:36:25-66
256
257                <category android:name="android.intent.category.DEFAULT" />
257-->[com.google.firebase:firebase-auth:22.3.0] AndroidManifest.xml:38:17-76
257-->[com.google.firebase:firebase-auth:22.3.0] AndroidManifest.xml:38:27-73
258                <category android:name="android.intent.category.BROWSABLE" />
258-->[com.google.firebase:firebase-auth:22.3.0] AndroidManifest.xml:39:17-78
258-->[com.google.firebase:firebase-auth:22.3.0] AndroidManifest.xml:39:27-75
259
260                <data
260-->[com.google.firebase:firebase-auth:22.3.0] AndroidManifest.xml:41:17-44:51
261                    android:host="firebase.auth"
261-->[com.google.firebase:firebase-auth:22.3.0] AndroidManifest.xml:42:21-49
262                    android:path="/"
262-->[com.google.firebase:firebase-auth:22.3.0] AndroidManifest.xml:43:21-37
263                    android:scheme="recaptcha" />
263-->[com.google.firebase:firebase-auth:22.3.0] AndroidManifest.xml:44:21-48
264            </intent-filter>
265        </activity>
266        <activity
266-->[com.google.android.gms:play-services-base:18.1.0] AndroidManifest.xml:20:9-22:45
267            android:name="com.google.android.gms.common.api.GoogleApiActivity"
267-->[com.google.android.gms:play-services-base:18.1.0] AndroidManifest.xml:20:19-85
268            android:exported="false"
268-->[com.google.android.gms:play-services-base:18.1.0] AndroidManifest.xml:22:19-43
269            android:theme="@android:style/Theme.Translucent.NoTitleBar" />
269-->[com.google.android.gms:play-services-base:18.1.0] AndroidManifest.xml:21:19-78
270
271        <provider
271-->[com.google.firebase:firebase-common:20.4.2] AndroidManifest.xml:23:9-28:39
272            android:name="com.google.firebase.provider.FirebaseInitProvider"
272-->[com.google.firebase:firebase-common:20.4.2] AndroidManifest.xml:24:13-77
273            android:authorities="com.orion.app.firebaseinitprovider"
273-->[com.google.firebase:firebase-common:20.4.2] AndroidManifest.xml:25:13-72
274            android:directBootAware="true"
274-->[com.google.firebase:firebase-common:20.4.2] AndroidManifest.xml:26:13-43
275            android:exported="false"
275-->[com.google.firebase:firebase-common:20.4.2] AndroidManifest.xml:27:13-37
276            android:initOrder="100" />
276-->[com.google.firebase:firebase-common:20.4.2] AndroidManifest.xml:28:13-36
277
278        <meta-data
278-->[com.google.android.gms:play-services-basement:18.1.0] AndroidManifest.xml:21:9-23:69
279            android:name="com.google.android.gms.version"
279-->[com.google.android.gms:play-services-basement:18.1.0] AndroidManifest.xml:22:13-58
280            android:value="@integer/google_play_services_version" />
280-->[com.google.android.gms:play-services-basement:18.1.0] AndroidManifest.xml:23:13-66
281
282        <receiver
282-->[androidx.profileinstaller:profileinstaller:1.3.0] AndroidManifest.xml:34:9-52:20
283            android:name="androidx.profileinstaller.ProfileInstallReceiver"
283-->[androidx.profileinstaller:profileinstaller:1.3.0] AndroidManifest.xml:35:13-76
284            android:directBootAware="false"
284-->[androidx.profileinstaller:profileinstaller:1.3.0] AndroidManifest.xml:36:13-44
285            android:enabled="true"
285-->[androidx.profileinstaller:profileinstaller:1.3.0] AndroidManifest.xml:37:13-35
286            android:exported="true"
286-->[androidx.profileinstaller:profileinstaller:1.3.0] AndroidManifest.xml:38:13-36
287            android:permission="android.permission.DUMP" >
287-->[androidx.profileinstaller:profileinstaller:1.3.0] AndroidManifest.xml:39:13-57
288            <intent-filter>
288-->[androidx.profileinstaller:profileinstaller:1.3.0] AndroidManifest.xml:40:13-42:29
289                <action android:name="androidx.profileinstaller.action.INSTALL_PROFILE" />
289-->[androidx.profileinstaller:profileinstaller:1.3.0] AndroidManifest.xml:41:17-91
289-->[androidx.profileinstaller:profileinstaller:1.3.0] AndroidManifest.xml:41:25-88
290            </intent-filter>
291            <intent-filter>
291-->[androidx.profileinstaller:profileinstaller:1.3.0] AndroidManifest.xml:43:13-45:29
292                <action android:name="androidx.profileinstaller.action.SKIP_FILE" />
292-->[androidx.profileinstaller:profileinstaller:1.3.0] AndroidManifest.xml:44:17-85
292-->[androidx.profileinstaller:profileinstaller:1.3.0] AndroidManifest.xml:44:25-82
293            </intent-filter>
294            <intent-filter>
294-->[androidx.profileinstaller:profileinstaller:1.3.0] AndroidManifest.xml:46:13-48:29
295                <action android:name="androidx.profileinstaller.action.SAVE_PROFILE" />
295-->[androidx.profileinstaller:profileinstaller:1.3.0] AndroidManifest.xml:47:17-88
295-->[androidx.profileinstaller:profileinstaller:1.3.0] AndroidManifest.xml:47:25-85
296            </intent-filter>
297            <intent-filter>
297-->[androidx.profileinstaller:profileinstaller:1.3.0] AndroidManifest.xml:49:13-51:29
298                <action android:name="androidx.profileinstaller.action.BENCHMARK_OPERATION" />
298-->[androidx.profileinstaller:profileinstaller:1.3.0] AndroidManifest.xml:50:17-95
298-->[androidx.profileinstaller:profileinstaller:1.3.0] AndroidManifest.xml:50:25-92
299            </intent-filter>
300        </receiver>
301    </application>
302
303</manifest>